2020-03-09 15:49:21,961 [Worker-4: Loading available Gradle versions] INFO  o.e.b.c.i.u.g.PublishedGradleVersions - Gradle version information cache is up-to-date. Trying to read.
2020-03-09 15:58:52,129 [Worker-9: Import Getting Started Content] INFO  o.e.m.c.i.l.LifecycleMappingFactory - Using org.eclipse.m2e.jdt.JarLifecycleMapping lifecycle mapping for MavenProject: com.example:CrudSpringBoot:0.0.1-SNAPSHOT @ C:\Users\chueo\OneDrive\Escritorio\proyecto\CrudSpringBoot\pom.xml.
2020-03-09 15:59:04,738 [Worker-9: Import Getting Started Content] INFO  o.e.m.j.i.AbstractJavaProjectConfigurator - Adding source folder /CrudSpringBoot/src/main/java
2020-03-09 15:59:04,739 [Worker-9: Import Getting Started Content] INFO  o.e.m.j.i.AbstractJavaProjectConfigurator - Adding resource folder /CrudSpringBoot/src/main/resources
2020-03-09 15:59:04,765 [Worker-9: Import Getting Started Content] INFO  o.e.m.j.i.AbstractJavaProjectConfigurator - Adding resource folder /CrudSpringBoot/src/main/resources
2020-03-09 15:59:04,797 [Worker-9: Import Getting Started Content] INFO  o.e.m.j.i.AbstractJavaProjectConfigurator - Adding source folder /CrudSpringBoot/src/test/java
2020-03-09 15:59:07,582 [Worker-9: Import Getting Started Content] INFO  o.e.m.c.i.p.ProjectConfigurationManager - Imported and configured 1 project(s) in 27 sec
2020-03-09 15:59:07,588 [Worker-9: Import Getting Started Content] INFO  o.e.m.c.i.p.ProjectConfigurationManager - Update started
2020-03-09 15:59:08,994 [Worker-9: Import Getting Started Content] INFO  o.e.m.c.i.l.LifecycleMappingFactory - Using org.eclipse.m2e.jdt.JarLifecycleMapping lifecycle mapping for MavenProject: com.example:CrudSpringBoot:0.0.1-SNAPSHOT @ C:\Users\chueo\OneDrive\Escritorio\proyecto\CrudSpringBoot\pom.xml.
2020-03-09 15:59:10,666 [Worker-9: Import Getting Started Content] INFO  o.e.m.j.i.AbstractJavaProjectConfigurator - Adding source folder /CrudSpringBoot/src/main/java
2020-03-09 15:59:10,667 [Worker-9: Import Getting Started Content] INFO  o.e.m.j.i.AbstractJavaProjectConfigurator - Adding resource folder /CrudSpringBoot/src/main/resources
2020-03-09 15:59:10,671 [Worker-9: Import Getting Started Content] INFO  o.e.m.j.i.AbstractJavaProjectConfigurator - Adding resource folder /CrudSpringBoot/src/main/resources
2020-03-09 15:59:10,678 [Worker-9: Import Getting Started Content] INFO  o.e.m.j.i.AbstractJavaProjectConfigurator - Adding source folder /CrudSpringBoot/src/test/java
2020-03-09 15:59:11,410 [Worker-9: Import Getting Started Content] INFO  o.e.m.c.i.p.ProjectConfigurationManager - Update completed: 3 sec
2020-03-09 15:59:13,741 [Worker-10: Building workspace] INFO  o.e.m.c.i.embedder.EclipseLogger - Using 'UTF-8' encoding to copy filtered resources.
2020-03-09 15:59:13,767 [Worker-10: Building workspace] INFO  o.e.m.c.i.embedder.EclipseLogger - Copying 1 resource
2020-03-09 15:59:13,793 [Worker-10: Building workspace] INFO  o.e.m.c.i.embedder.EclipseLogger - Copying 0 resource
2020-03-09 15:59:13,801 [Worker-10: Building workspace] INFO  o.e.m.c.i.embedder.EclipseLogger - Using 'UTF-8' encoding to copy filtered resources.
2020-03-09 15:59:13,802 [Worker-10: Building workspace] INFO  o.e.m.c.i.embedder.EclipseLogger - skip non existing resourceDirectory C:\Users\chueo\OneDrive\Escritorio\proyecto\CrudSpringBoot\src\test\resources
2020-03-09 16:14:57,874 [Worker-10: Building workspace] INFO  o.e.m.c.i.embedder.EclipseLogger - Using 'UTF-8' encoding to copy filtered resources.
2020-03-09 16:14:57,879 [Worker-10: Building workspace] INFO  o.e.m.c.i.embedder.EclipseLogger - Copying 1 resource
2020-03-09 16:14:57,883 [Worker-10: Building workspace] INFO  o.e.m.c.i.embedder.EclipseLogger - Copying 0 resource
2020-03-09 16:14:57,886 [Worker-10: Building workspace] INFO  o.e.m.c.i.embedder.EclipseLogger - Using 'UTF-8' encoding to copy filtered resources.
2020-03-09 16:14:57,887 [Worker-10: Building workspace] INFO  o.e.m.c.i.embedder.EclipseLogger - skip non existing resourceDirectory C:\Users\chueo\OneDrive\Escritorio\proyecto\CrudSpringBoot\src\test\resources
2020-03-09 16:15:11,832 [Worker-10: Building workspace] INFO  o.e.m.c.i.embedder.EclipseLogger - Using 'UTF-8' encoding to copy filtered resources.
2020-03-09 16:15:11,834 [Worker-10: Building workspace] INFO  o.e.m.c.i.embedder.EclipseLogger - Copying 1 resource
2020-03-09 16:15:11,837 [Worker-10: Building workspace] INFO  o.e.m.c.i.embedder.EclipseLogger - Copying 0 resource
2020-03-09 16:15:11,840 [Worker-10: Building workspace] INFO  o.e.m.c.i.embedder.EclipseLogger - Using 'UTF-8' encoding to copy filtered resources.
2020-03-09 16:15:11,840 [Worker-10: Building workspace] INFO  o.e.m.c.i.embedder.EclipseLogger - skip non existing resourceDirectory C:\Users\chueo\OneDrive\Escritorio\proyecto\CrudSpringBoot\src\test\resources
2020-03-09 16:17:26,571 [Worker-15: Building workspace] INFO  o.e.m.c.i.embedder.EclipseLogger - Using 'UTF-8' encoding to copy filtered resources.
2020-03-09 16:17:26,572 [Worker-15: Building workspace] INFO  o.e.m.c.i.embedder.EclipseLogger - Copying 1 resource
2020-03-09 16:17:26,579 [Worker-15: Building workspace] INFO  o.e.m.c.i.embedder.EclipseLogger - Copying 0 resource
2020-03-09 16:17:26,582 [Worker-15: Building workspace] INFO  o.e.m.c.i.embedder.EclipseLogger - Using 'UTF-8' encoding to copy filtered resources.
2020-03-09 16:17:26,583 [Worker-15: Building workspace] INFO  o.e.m.c.i.embedder.EclipseLogger - skip non existing resourceDirectory C:\Users\chueo\OneDrive\Escritorio\proyecto\CrudSpringBoot\src\test\resources
2020-03-09 16:17:36,935 [Worker-15: Building workspace] INFO  o.e.m.c.i.embedder.EclipseLogger - Using 'UTF-8' encoding to copy filtered resources.
2020-03-09 16:17:36,937 [Worker-15: Building workspace] INFO  o.e.m.c.i.embedder.EclipseLogger - Copying 1 resource
2020-03-09 16:17:36,942 [Worker-15: Building workspace] INFO  o.e.m.c.i.embedder.EclipseLogger - Copying 0 resource
2020-03-09 16:17:36,946 [Worker-15: Building workspace] INFO  o.e.m.c.i.embedder.EclipseLogger - Using 'UTF-8' encoding to copy filtered resources.
2020-03-09 16:17:36,947 [Worker-15: Building workspace] INFO  o.e.m.c.i.embedder.EclipseLogger - skip non existing resourceDirectory C:\Users\chueo\OneDrive\Escritorio\proyecto\CrudSpringBoot\src\test\resources
2020-03-09 16:19:12,052 [Worker-15: Building workspace] INFO  o.e.m.c.i.embedder.EclipseLogger - Using 'UTF-8' encoding to copy filtered resources.
2020-03-09 16:19:12,053 [Worker-15: Building workspace] INFO  o.e.m.c.i.embedder.EclipseLogger - Copying 1 resource
2020-03-09 16:19:12,056 [Worker-15: Building workspace] INFO  o.e.m.c.i.embedder.EclipseLogger - Copying 0 resource
2020-03-09 16:19:12,060 [Worker-15: Building workspace] INFO  o.e.m.c.i.embedder.EclipseLogger - Using 'UTF-8' encoding to copy filtered resources.
2020-03-09 16:19:12,060 [Worker-15: Building workspace] INFO  o.e.m.c.i.embedder.EclipseLogger - skip non existing resourceDirectory C:\Users\chueo\OneDrive\Escritorio\proyecto\CrudSpringBoot\src\test\resources
2020-03-09 16:20:43,032 [Worker-15: Building workspace] INFO  o.e.m.c.i.embedder.EclipseLogger - Using 'UTF-8' encoding to copy filtered resources.
2020-03-09 16:20:43,034 [Worker-15: Building workspace] INFO  o.e.m.c.i.embedder.EclipseLogger - Copying 1 resource
2020-03-09 16:20:43,037 [Worker-15: Building workspace] INFO  o.e.m.c.i.embedder.EclipseLogger - Copying 0 resource
2020-03-09 16:20:43,040 [Worker-15: Building workspace] INFO  o.e.m.c.i.embedder.EclipseLogger - Using 'UTF-8' encoding to copy filtered resources.
2020-03-09 16:20:43,041 [Worker-15: Building workspace] INFO  o.e.m.c.i.embedder.EclipseLogger - skip non existing resourceDirectory C:\Users\chueo\OneDrive\Escritorio\proyecto\CrudSpringBoot\src\test\resources
2020-03-09 16:30:31,696 [Worker-23: Building workspace] INFO  o.e.m.c.i.embedder.EclipseLogger - Using 'UTF-8' encoding to copy filtered resources.
2020-03-09 16:30:31,698 [Worker-23: Building workspace] INFO  o.e.m.c.i.embedder.EclipseLogger - Copying 1 resource
2020-03-09 16:30:31,700 [Worker-23: Building workspace] INFO  o.e.m.c.i.embedder.EclipseLogger - Copying 0 resource
2020-03-09 16:30:31,706 [Worker-23: Building workspace] INFO  o.e.m.c.i.embedder.EclipseLogger - Using 'UTF-8' encoding to copy filtered resources.
2020-03-09 16:30:31,706 [Worker-23: Building workspace] INFO  o.e.m.c.i.embedder.EclipseLogger - skip non existing resourceDirectory C:\Users\chueo\OneDrive\Escritorio\proyecto\CrudSpringBoot\src\test\resources
2020-03-09 16:31:05,382 [Worker-21: Building workspace] INFO  o.e.m.c.i.embedder.EclipseLogger - Using 'UTF-8' encoding to copy filtered resources.
2020-03-09 16:31:05,383 [Worker-21: Building workspace] INFO  o.e.m.c.i.embedder.EclipseLogger - Copying 1 resource
2020-03-09 16:31:05,386 [Worker-21: Building workspace] INFO  o.e.m.c.i.embedder.EclipseLogger - Copying 0 resource
2020-03-09 16:31:05,389 [Worker-21: Building workspace] INFO  o.e.m.c.i.embedder.EclipseLogger - Using 'UTF-8' encoding to copy filtered resources.
2020-03-09 16:31:05,389 [Worker-21: Building workspace] INFO  o.e.m.c.i.embedder.EclipseLogger - skip non existing resourceDirectory C:\Users\chueo\OneDrive\Escritorio\proyecto\CrudSpringBoot\src\test\resources
2020-03-09 16:34:19,472 [Worker-24: Building workspace] INFO  o.e.m.c.i.embedder.EclipseLogger - Using 'UTF-8' encoding to copy filtered resources.
2020-03-09 16:34:19,474 [Worker-24: Building workspace] INFO  o.e.m.c.i.embedder.EclipseLogger - Copying 1 resource
2020-03-09 16:34:19,477 [Worker-24: Building workspace] INFO  o.e.m.c.i.embedder.EclipseLogger - Copying 0 resource
2020-03-09 16:34:19,480 [Worker-24: Building workspace] INFO  o.e.m.c.i.embedder.EclipseLogger - Using 'UTF-8' encoding to copy filtered resources.
2020-03-09 16:34:19,481 [Worker-24: Building workspace] INFO  o.e.m.c.i.embedder.EclipseLogger - skip non existing resourceDirectory C:\Users\chueo\OneDrive\Escritorio\proyecto\CrudSpringBoot\src\test\resources
2020-03-09 16:35:05,335 [Worker-20: Building workspace] INFO  o.e.m.c.i.embedder.EclipseLogger - Using 'UTF-8' encoding to copy filtered resources.
2020-03-09 16:35:05,337 [Worker-20: Building workspace] INFO  o.e.m.c.i.embedder.EclipseLogger - Copying 1 resource
2020-03-09 16:35:05,340 [Worker-20: Building workspace] INFO  o.e.m.c.i.embedder.EclipseLogger - Copying 0 resource
2020-03-09 16:35:05,343 [Worker-20: Building workspace] INFO  o.e.m.c.i.embedder.EclipseLogger - Using 'UTF-8' encoding to copy filtered resources.
2020-03-09 16:35:05,343 [Worker-20: Building workspace] INFO  o.e.m.c.i.embedder.EclipseLogger - skip non existing resourceDirectory C:\Users\chueo\OneDrive\Escritorio\proyecto\CrudSpringBoot\src\test\resources
2020-03-09 16:39:21,529 [Worker-26: Building workspace] INFO  o.e.m.c.i.embedder.EclipseLogger - Using 'UTF-8' encoding to copy filtered resources.
2020-03-09 16:39:21,530 [Worker-26: Building workspace] INFO  o.e.m.c.i.embedder.EclipseLogger - Copying 1 resource
2020-03-09 16:39:21,533 [Worker-26: Building workspace] INFO  o.e.m.c.i.embedder.EclipseLogger - Copying 0 resource
2020-03-09 16:39:21,537 [Worker-26: Building workspace] INFO  o.e.m.c.i.embedder.EclipseLogger - Using 'UTF-8' encoding to copy filtered resources.
2020-03-09 16:39:21,537 [Worker-26: Building workspace] INFO  o.e.m.c.i.embedder.EclipseLogger - skip non existing resourceDirectory C:\Users\chueo\OneDrive\Escritorio\proyecto\CrudSpringBoot\src\test\resources
2020-03-09 16:39:40,916 [Worker-20: Building workspace] INFO  o.e.m.c.i.embedder.EclipseLogger - Using 'UTF-8' encoding to copy filtered resources.
2020-03-09 16:39:40,917 [Worker-20: Building workspace] INFO  o.e.m.c.i.embedder.EclipseLogger - Copying 1 resource
2020-03-09 16:39:40,920 [Worker-20: Building workspace] INFO  o.e.m.c.i.embedder.EclipseLogger - Copying 0 resource
2020-03-09 16:39:40,923 [Worker-20: Building workspace] INFO  o.e.m.c.i.embedder.EclipseLogger - Using 'UTF-8' encoding to copy filtered resources.
2020-03-09 16:39:40,923 [Worker-20: Building workspace] INFO  o.e.m.c.i.embedder.EclipseLogger - skip non existing resourceDirectory C:\Users\chueo\OneDrive\Escritorio\proyecto\CrudSpringBoot\src\test\resources
2020-03-09 16:51:04,661 [Worker-28: Building workspace] INFO  o.e.m.c.i.embedder.EclipseLogger - Using 'UTF-8' encoding to copy filtered resources.
2020-03-09 16:51:04,662 [Worker-28: Building workspace] INFO  o.e.m.c.i.embedder.EclipseLogger - Copying 1 resource
2020-03-09 16:51:04,665 [Worker-28: Building workspace] INFO  o.e.m.c.i.embedder.EclipseLogger - Copying 0 resource
2020-03-09 16:51:04,667 [Worker-28: Building workspace] INFO  o.e.m.c.i.embedder.EclipseLogger - Using 'UTF-8' encoding to copy filtered resources.
2020-03-09 16:51:04,668 [Worker-28: Building workspace] INFO  o.e.m.c.i.embedder.EclipseLogger - skip non existing resourceDirectory C:\Users\chueo\OneDrive\Escritorio\proyecto\CrudSpringBoot\src\test\resources
2020-03-09 16:57:20,260 [Worker-26: Building workspace] INFO  o.e.m.c.i.embedder.EclipseLogger - Using 'UTF-8' encoding to copy filtered resources.
2020-03-09 16:57:20,262 [Worker-26: Building workspace] INFO  o.e.m.c.i.embedder.EclipseLogger - Copying 1 resource
2020-03-09 16:57:20,265 [Worker-26: Building workspace] INFO  o.e.m.c.i.embedder.EclipseLogger - Copying 0 resource
2020-03-09 16:57:20,268 [Worker-26: Building workspace] INFO  o.e.m.c.i.embedder.EclipseLogger - Using 'UTF-8' encoding to copy filtered resources.
2020-03-09 16:57:20,268 [Worker-26: Building workspace] INFO  o.e.m.c.i.embedder.EclipseLogger - skip non existing resourceDirectory C:\Users\chueo\OneDrive\Escritorio\proyecto\CrudSpringBoot\src\test\resources
2020-03-09 16:58:26,698 [Worker-29: Building workspace] INFO  o.e.m.c.i.embedder.EclipseLogger - Using 'UTF-8' encoding to copy filtered resources.
2020-03-09 16:58:26,701 [Worker-29: Building workspace] INFO  o.e.m.c.i.embedder.EclipseLogger - Copying 0 resource
2020-03-09 16:58:26,703 [Worker-29: Building workspace] INFO  o.e.m.c.i.embedder.EclipseLogger - Copying 1 resource
2020-03-09 16:58:26,726 [Worker-29: Building workspace] INFO  o.e.m.c.i.embedder.EclipseLogger - Using 'UTF-8' encoding to copy filtered resources.
2020-03-09 16:58:26,726 [Worker-29: Building workspace] INFO  o.e.m.c.i.embedder.EclipseLogger - skip non existing resourceDirectory C:\Users\chueo\OneDrive\Escritorio\proyecto\CrudSpringBoot\src\test\resources
2020-03-09 17:23:04,193 [Worker-33: Launching CrudSpringBoot - CrudSpringBootApplication] INFO  o.e.m.c.i.embedder.EclipseLogger - Using 'UTF-8' encoding to copy filtered resources.
2020-03-09 17:23:04,195 [Worker-33: Launching CrudSpringBoot - CrudSpringBootApplication] INFO  o.e.m.c.i.embedder.EclipseLogger - Copying 1 resource
2020-03-09 17:23:04,215 [Worker-33: Launching CrudSpringBoot - CrudSpringBootApplication] INFO  o.e.m.c.i.embedder.EclipseLogger - Copying 1 resource
2020-03-09 17:23:04,252 [Worker-33: Launching CrudSpringBoot - CrudSpringBootApplication] INFO  o.e.m.c.i.embedder.EclipseLogger - Using 'UTF-8' encoding to copy filtered resources.
2020-03-09 17:23:04,252 [Worker-33: Launching CrudSpringBoot - CrudSpringBootApplication] INFO  o.e.m.c.i.embedder.EclipseLogger - skip non existing resourceDirectory C:\Users\chueo\OneDrive\Escritorio\proyecto\CrudSpringBoot\src\test\resources
2020-03-09 17:35:31,724 [Worker-32: Building workspace] INFO  o.e.m.c.i.embedder.EclipseLogger - Using 'UTF-8' encoding to copy filtered resources.
2020-03-09 17:35:31,725 [Worker-32: Building workspace] INFO  o.e.m.c.i.embedder.EclipseLogger - Copying 0 resource
2020-03-09 17:35:31,725 [Worker-32: Building workspace] INFO  o.e.m.c.i.embedder.EclipseLogger - Copying 1 resource
2020-03-09 17:35:31,751 [Worker-32: Building workspace] INFO  o.e.m.c.i.embedder.EclipseLogger - Using 'UTF-8' encoding to copy filtered resources.
2020-03-09 17:35:31,751 [Worker-32: Building workspace] INFO  o.e.m.c.i.embedder.EclipseLogger - skip non existing resourceDirectory C:\Users\chueo\OneDrive\Escritorio\proyecto\CrudSpringBoot\src\test\resources
2020-03-09 17:39:26,674 [Worker-39: Launching CrudSpringBoot - CrudSpringBootApplication] INFO  o.e.m.c.i.embedder.EclipseLogger - Using 'UTF-8' encoding to copy filtered resources.
2020-03-09 17:39:26,675 [Worker-39: Launching CrudSpringBoot - CrudSpringBootApplication] INFO  o.e.m.c.i.embedder.EclipseLogger - Copying 0 resource
2020-03-09 17:39:26,676 [Worker-39: Launching CrudSpringBoot - CrudSpringBootApplication] INFO  o.e.m.c.i.embedder.EclipseLogger - Copying 1 resource
2020-03-09 17:39:26,691 [Worker-39: Launching CrudSpringBoot - CrudSpringBootApplication] INFO  o.e.m.c.i.embedder.EclipseLogger - Using 'UTF-8' encoding to copy filtered resources.
2020-03-09 17:39:26,692 [Worker-39: Launching CrudSpringBoot - CrudSpringBootApplication] INFO  o.e.m.c.i.embedder.EclipseLogger - skip non existing resourceDirectory C:\Users\chueo\OneDrive\Escritorio\proyecto\CrudSpringBoot\src\test\resources
2020-03-09 17:40:40,900 [Worker-41: Building workspace] INFO  o.e.m.c.i.embedder.EclipseLogger - Using 'UTF-8' encoding to copy filtered resources.
2020-03-09 17:40:40,901 [Worker-41: Building workspace] INFO  o.e.m.c.i.embedder.EclipseLogger - Copying 0 resource
2020-03-09 17:40:40,901 [Worker-41: Building workspace] INFO  o.e.m.c.i.embedder.EclipseLogger - Copying 1 resource
2020-03-09 17:40:40,916 [Worker-41: Building workspace] INFO  o.e.m.c.i.embedder.EclipseLogger - Using 'UTF-8' encoding to copy filtered resources.
2020-03-09 17:40:40,917 [Worker-41: Building workspace] INFO  o.e.m.c.i.embedder.EclipseLogger - skip non existing resourceDirectory C:\Users\chueo\OneDrive\Escritorio\proyecto\CrudSpringBoot\src\test\resources
2020-03-09 17:43:38,149 [Worker-47: Building workspace] INFO  o.e.m.c.i.embedder.EclipseLogger - Using 'UTF-8' encoding to copy filtered resources.
2020-03-09 17:43:38,151 [Worker-47: Building workspace] INFO  o.e.m.c.i.embedder.EclipseLogger - Copying 0 resource
2020-03-09 17:43:38,152 [Worker-47: Building workspace] INFO  o.e.m.c.i.embedder.EclipseLogger - Copying 1 resource
2020-03-09 17:43:38,163 [Worker-47: Building workspace] INFO  o.e.m.c.i.embedder.EclipseLogger - Using 'UTF-8' encoding to copy filtered resources.
2020-03-09 17:43:38,165 [Worker-47: Building workspace] INFO  o.e.m.c.i.embedder.EclipseLogger - skip non existing resourceDirectory C:\Users\chueo\OneDrive\Escritorio\proyecto\CrudSpringBoot\src\test\resources
2020-03-09 17:46:02,726 [Worker-44: Building workspace] INFO  o.e.m.c.i.embedder.EclipseLogger - Using 'UTF-8' encoding to copy filtered resources.
2020-03-09 17:46:02,727 [Worker-44: Building workspace] INFO  o.e.m.c.i.embedder.EclipseLogger - Copying 0 resource
2020-03-09 17:46:02,727 [Worker-44: Building workspace] INFO  o.e.m.c.i.embedder.EclipseLogger - Copying 1 resource
2020-03-09 17:46:02,736 [Worker-44: Building workspace] INFO  o.e.m.c.i.embedder.EclipseLogger - Using 'UTF-8' encoding to copy filtered resources.
2020-03-09 17:46:02,736 [Worker-44: Building workspace] INFO  o.e.m.c.i.embedder.EclipseLogger - skip non existing resourceDirectory C:\Users\chueo\OneDrive\Escritorio\proyecto\CrudSpringBoot\src\test\resources
2020-03-09 17:47:35,490 [Worker-49: Building workspace] INFO  o.e.m.c.i.embedder.EclipseLogger - Using 'UTF-8' encoding to copy filtered resources.
2020-03-09 17:47:35,491 [Worker-49: Building workspace] INFO  o.e.m.c.i.embedder.EclipseLogger - Copying 0 resource
2020-03-09 17:47:35,492 [Worker-49: Building workspace] INFO  o.e.m.c.i.embedder.EclipseLogger - Copying 1 resource
2020-03-09 17:47:35,497 [Worker-49: Building workspace] INFO  o.e.m.c.i.embedder.EclipseLogger - Using 'UTF-8' encoding to copy filtered resources.
2020-03-09 17:47:35,498 [Worker-49: Building workspace] INFO  o.e.m.c.i.embedder.EclipseLogger - skip non existing resourceDirectory C:\Users\chueo\OneDrive\Escritorio\proyecto\CrudSpringBoot\src\test\resources
2020-03-09 17:58:46,813 [Worker-53: Building workspace] INFO  o.e.m.c.i.embedder.EclipseLogger - Using 'UTF-8' encoding to copy filtered resources.
2020-03-09 17:58:46,814 [Worker-53: Building workspace] INFO  o.e.m.c.i.embedder.EclipseLogger - Copying 0 resource
2020-03-09 17:58:46,815 [Worker-53: Building workspace] INFO  o.e.m.c.i.embedder.EclipseLogger - Copying 1 resource
2020-03-09 17:58:46,829 [Worker-53: Building workspace] INFO  o.e.m.c.i.embedder.EclipseLogger - Using 'UTF-8' encoding to copy filtered resources.
2020-03-09 17:58:46,829 [Worker-53: Building workspace] INFO  o.e.m.c.i.embedder.EclipseLogger - skip non existing resourceDirectory C:\Users\chueo\OneDrive\Escritorio\proyecto\CrudSpringBoot\src\test\resources
2020-03-09 17:59:29,036 [Worker-51: Building workspace] INFO  o.e.m.c.i.embedder.EclipseLogger - Using 'UTF-8' encoding to copy filtered resources.
2020-03-09 17:59:29,036 [Worker-51: Building workspace] INFO  o.e.m.c.i.embedder.EclipseLogger - Copying 0 resource
2020-03-09 17:59:29,037 [Worker-51: Building workspace] INFO  o.e.m.c.i.embedder.EclipseLogger - Copying 1 resource
2020-03-09 17:59:29,044 [Worker-51: Building workspace] INFO  o.e.m.c.i.embedder.EclipseLogger - Using 'UTF-8' encoding to copy filtered resources.
2020-03-09 17:59:29,044 [Worker-51: Building workspace] INFO  o.e.m.c.i.embedder.EclipseLogger - skip non existing resourceDirectory C:\Users\chueo\OneDrive\Escritorio\proyecto\CrudSpringBoot\src\test\resources
2020-03-09 18:25:15,989 [Worker-51: Building workspace] INFO  o.e.m.c.i.embedder.EclipseLogger - Using 'UTF-8' encoding to copy filtered resources.
2020-03-09 18:25:15,990 [Worker-51: Building workspace] INFO  o.e.m.c.i.embedder.EclipseLogger - Copying 0 resource
2020-03-09 18:25:15,992 [Worker-51: Building workspace] INFO  o.e.m.c.i.embedder.EclipseLogger - Copying 1 resource
2020-03-09 18:25:16,010 [Worker-51: Building workspace] INFO  o.e.m.c.i.embedder.EclipseLogger - Using 'UTF-8' encoding to copy filtered resources.
2020-03-09 18:25:16,011 [Worker-51: Building workspace] INFO  o.e.m.c.i.embedder.EclipseLogger - skip non existing resourceDirectory C:\Users\chueo\OneDrive\Escritorio\proyecto\CrudSpringBoot\src\test\resources
2020-03-09 18:25:37,296 [Worker-57: Building workspace] INFO  o.e.m.c.i.embedder.EclipseLogger - Using 'UTF-8' encoding to copy filtered resources.
2020-03-09 18:25:37,296 [Worker-57: Building workspace] INFO  o.e.m.c.i.embedder.EclipseLogger - Copying 1 resource
2020-03-09 18:25:37,305 [Worker-57: Building workspace] INFO  o.e.m.c.i.embedder.EclipseLogger - Copying 0 resource
2020-03-09 18:25:37,310 [Worker-57: Building workspace] INFO  o.e.m.c.i.embedder.EclipseLogger - Using 'UTF-8' encoding to copy filtered resources.
2020-03-09 18:25:37,310 [Worker-57: Building workspace] INFO  o.e.m.c.i.embedder.EclipseLogger - skip non existing resourceDirectory C:\Users\chueo\OneDrive\Escritorio\proyecto\CrudSpringBoot\src\test\resources
2020-03-09 18:30:58,852 [Worker-47: Launching CrudSpringBoot - CrudSpringBootApplication] INFO  o.e.m.c.i.embedder.EclipseLogger - Using 'UTF-8' encoding to copy filtered resources.
2020-03-09 18:30:58,854 [Worker-47: Launching CrudSpringBoot - CrudSpringBootApplication] INFO  o.e.m.c.i.embedder.EclipseLogger - Copying 1 resource
2020-03-09 18:30:58,859 [Worker-47: Launching CrudSpringBoot - CrudSpringBootApplication] INFO  o.e.m.c.i.embedder.EclipseLogger - Copying 2 resources
2020-03-09 18:30:58,863 [Worker-47: Launching CrudSpringBoot - CrudSpringBootApplication] INFO  o.e.m.c.i.embedder.EclipseLogger - Using 'UTF-8' encoding to copy filtered resources.
2020-03-09 18:30:58,863 [Worker-47: Launching CrudSpringBoot - CrudSpringBootApplication] INFO  o.e.m.c.i.embedder.EclipseLogger - skip non existing resourceDirectory C:\Users\chueo\OneDrive\Escritorio\proyecto\CrudSpringBoot\src\test\resources
2020-03-09 18:32:58,541 [Worker-64: Launching CrudSpringBoot - CrudSpringBootApplication] INFO  o.e.m.c.i.embedder.EclipseLogger - Using 'UTF-8' encoding to copy filtered resources.
2020-03-09 18:32:58,541 [Worker-64: Launching CrudSpringBoot - CrudSpringBootApplication] INFO  o.e.m.c.i.embedder.EclipseLogger - Copying 0 resource
2020-03-09 18:32:58,541 [Worker-64: Launching CrudSpringBoot - CrudSpringBootApplication] INFO  o.e.m.c.i.embedder.EclipseLogger - Copying 1 resource
2020-03-09 18:32:58,550 [Worker-64: Launching CrudSpringBoot - CrudSpringBootApplication] INFO  o.e.m.c.i.embedder.EclipseLogger - Using 'UTF-8' encoding to copy filtered resources.
2020-03-09 18:32:58,550 [Worker-64: Launching CrudSpringBoot - CrudSpringBootApplication] INFO  o.e.m.c.i.embedder.EclipseLogger - skip non existing resourceDirectory C:\Users\chueo\OneDrive\Escritorio\proyecto\CrudSpringBoot\src\test\resources
2020-03-09 18:34:55,315 [Worker-63: Building workspace] INFO  o.e.m.c.i.embedder.EclipseLogger - Using 'UTF-8' encoding to copy filtered resources.
2020-03-09 18:34:55,317 [Worker-63: Building workspace] INFO  o.e.m.c.i.embedder.EclipseLogger - Copying 0 resource
2020-03-09 18:34:55,318 [Worker-63: Building workspace] INFO  o.e.m.c.i.embedder.EclipseLogger - Copying 1 resource
2020-03-09 18:34:55,334 [Worker-63: Building workspace] INFO  o.e.m.c.i.embedder.EclipseLogger - Using 'UTF-8' encoding to copy filtered resources.
2020-03-09 18:34:55,335 [Worker-63: Building workspace] INFO  o.e.m.c.i.embedder.EclipseLogger - skip non existing resourceDirectory C:\Users\chueo\OneDrive\Escritorio\proyecto\CrudSpringBoot\src\test\resources
2020-03-09 18:37:44,074 [Worker-64: Launching CrudSpringBoot - CrudSpringBootApplication] INFO  o.e.m.c.i.embedder.EclipseLogger - Using 'UTF-8' encoding to copy filtered resources.
2020-03-09 18:37:44,078 [Worker-64: Launching CrudSpringBoot - CrudSpringBootApplication] INFO  o.e.m.c.i.embedder.EclipseLogger - Copying 1 resource
2020-03-09 18:37:44,082 [Worker-64: Launching CrudSpringBoot - CrudSpringBootApplication] INFO  o.e.m.c.i.embedder.EclipseLogger - Copying 2 resources
2020-03-09 18:37:44,084 [Worker-64: Launching CrudSpringBoot - CrudSpringBootApplication] INFO  o.e.m.c.i.embedder.EclipseLogger - Using 'UTF-8' encoding to copy filtered resources.
2020-03-09 18:37:44,085 [Worker-64: Launching CrudSpringBoot - CrudSpringBootApplication] INFO  o.e.m.c.i.embedder.EclipseLogger - skip non existing resourceDirectory C:\Users\chueo\OneDrive\Escritorio\proyecto\CrudSpringBoot\src\test\resources
2020-03-09 18:59:30,200 [Worker-75: Launching CrudSpringBoot - CrudSpringBootApplication] INFO  o.e.m.c.i.embedder.EclipseLogger - Using 'UTF-8' encoding to copy filtered resources.
2020-03-09 18:59:30,202 [Worker-75: Launching CrudSpringBoot - CrudSpringBootApplication] INFO  o.e.m.c.i.embedder.EclipseLogger - Copying 1 resource
2020-03-09 18:59:30,206 [Worker-75: Launching CrudSpringBoot - CrudSpringBootApplication] INFO  o.e.m.c.i.embedder.EclipseLogger - Copying 2 resources
2020-03-09 18:59:30,213 [Worker-75: Launching CrudSpringBoot - CrudSpringBootApplication] INFO  o.e.m.c.i.embedder.EclipseLogger - Using 'UTF-8' encoding to copy filtered resources.
2020-03-09 18:59:30,213 [Worker-75: Launching CrudSpringBoot - CrudSpringBootApplication] INFO  o.e.m.c.i.embedder.EclipseLogger - skip non existing resourceDirectory C:\Users\chueo\OneDrive\Escritorio\proyecto\CrudSpringBoot\src\test\resources
2020-03-09 19:00:30,623 [Worker-73: Launching CrudSpringBoot - CrudSpringBootApplication] INFO  o.e.m.c.i.embedder.EclipseLogger - Using 'UTF-8' encoding to copy filtered resources.
2020-03-09 19:00:30,624 [Worker-73: Launching CrudSpringBoot - CrudSpringBootApplication] INFO  o.e.m.c.i.embedder.EclipseLogger - Copying 0 resource
2020-03-09 19:00:30,625 [Worker-73: Launching CrudSpringBoot - CrudSpringBootApplication] INFO  o.e.m.c.i.embedder.EclipseLogger - Copying 1 resource
2020-03-09 19:00:30,631 [Worker-73: Launching CrudSpringBoot - CrudSpringBootApplication] INFO  o.e.m.c.i.embedder.EclipseLogger - Using 'UTF-8' encoding to copy filtered resources.
2020-03-09 19:00:30,631 [Worker-73: Launching CrudSpringBoot - CrudSpringBootApplication] INFO  o.e.m.c.i.embedder.EclipseLogger - skip non existing resourceDirectory C:\Users\chueo\OneDrive\Escritorio\proyecto\CrudSpringBoot\src\test\resources
2020-03-09 19:15:44,140 [Worker-87: Launching CrudSpringBoot - CrudSpringBootApplication] INFO  o.e.m.c.i.embedder.EclipseLogger - Using 'UTF-8' encoding to copy filtered resources.
2020-03-09 19:15:44,142 [Worker-87: Launching CrudSpringBoot - CrudSpringBootApplication] INFO  o.e.m.c.i.embedder.EclipseLogger - Copying 1 resource
2020-03-09 19:15:44,146 [Worker-87: Launching CrudSpringBoot - CrudSpringBootApplication] INFO  o.e.m.c.i.embedder.EclipseLogger - Copying 2 resources
2020-03-09 19:15:44,164 [Worker-87: Launching CrudSpringBoot - CrudSpringBootApplication] INFO  o.e.m.c.i.embedder.EclipseLogger - Using 'UTF-8' encoding to copy filtered resources.
2020-03-09 19:15:44,164 [Worker-87: Launching CrudSpringBoot - CrudSpringBootApplication] INFO  o.e.m.c.i.embedder.EclipseLogger - skip non existing resourceDirectory C:\Users\chueo\OneDrive\Escritorio\proyecto\CrudSpringBoot\src\test\resources
2020-03-09 19:17:38,173 [Worker-91: Launching CrudSpringBoot - CrudSpringBootApplication] INFO  o.e.m.c.i.embedder.EclipseLogger - Using 'UTF-8' encoding to copy filtered resources.
2020-03-09 19:17:38,175 [Worker-91: Launching CrudSpringBoot - CrudSpringBootApplication] INFO  o.e.m.c.i.embedder.EclipseLogger - Copying 1 resource
2020-03-09 19:17:38,178 [Worker-91: Launching CrudSpringBoot - CrudSpringBootApplication] INFO  o.e.m.c.i.embedder.EclipseLogger - Copying 2 resources
2020-03-09 19:17:38,180 [Worker-91: Launching CrudSpringBoot - CrudSpringBootApplication] INFO  o.e.m.c.i.embedder.EclipseLogger - Using 'UTF-8' encoding to copy filtered resources.
2020-03-09 19:17:38,181 [Worker-91: Launching CrudSpringBoot - CrudSpringBootApplication] INFO  o.e.m.c.i.embedder.EclipseLogger - skip non existing resourceDirectory C:\Users\chueo\OneDrive\Escritorio\proyecto\CrudSpringBoot\src\test\resources
2020-03-09 19:25:23,914 [Worker-94: Building workspace] INFO  o.e.m.c.i.embedder.EclipseLogger - Using 'UTF-8' encoding to copy filtered resources.
2020-03-09 19:25:23,914 [Worker-94: Building workspace] INFO  o.e.m.c.i.embedder.EclipseLogger - Copying 0 resource
2020-03-09 19:25:23,915 [Worker-94: Building workspace] INFO  o.e.m.c.i.embedder.EclipseLogger - Copying 1 resource
2020-03-09 19:25:23,924 [Worker-94: Building workspace] INFO  o.e.m.c.i.embedder.EclipseLogger - Using 'UTF-8' encoding to copy filtered resources.
2020-03-09 19:25:23,925 [Worker-94: Building workspace] INFO  o.e.m.c.i.embedder.EclipseLogger - skip non existing resourceDirectory C:\Users\chueo\OneDrive\Escritorio\proyecto\CrudSpringBoot\src\test\resources
2020-03-09 19:32:46,560 [Worker-94: Building workspace] INFO  o.e.m.c.i.embedder.EclipseLogger - Using 'UTF-8' encoding to copy filtered resources.
2020-03-09 19:32:46,561 [Worker-94: Building workspace] INFO  o.e.m.c.i.embedder.EclipseLogger - Copying 0 resource
2020-03-09 19:32:46,562 [Worker-94: Building workspace] INFO  o.e.m.c.i.embedder.EclipseLogger - Copying 2 resources
2020-03-09 19:32:46,577 [Worker-94: Building workspace] INFO  o.e.m.c.i.embedder.EclipseLogger - Using 'UTF-8' encoding to copy filtered resources.
2020-03-09 19:32:46,577 [Worker-94: Building workspace] INFO  o.e.m.c.i.embedder.EclipseLogger - skip non existing resourceDirectory C:\Users\chueo\OneDrive\Escritorio\proyecto\CrudSpringBoot\src\test\resources
2020-03-09 19:33:36,174 [Worker-95: Launching CrudSpringBoot - CrudSpringBootApplication] INFO  o.e.m.c.i.embedder.EclipseLogger - Using 'UTF-8' encoding to copy filtered resources.
2020-03-09 19:33:36,176 [Worker-95: Launching CrudSpringBoot - CrudSpringBootApplication] INFO  o.e.m.c.i.embedder.EclipseLogger - Copying 0 resource
2020-03-09 19:33:36,177 [Worker-95: Launching CrudSpringBoot - CrudSpringBootApplication] INFO  o.e.m.c.i.embedder.EclipseLogger - Copying 1 resource
2020-03-09 19:33:36,190 [Worker-95: Launching CrudSpringBoot - CrudSpringBootApplication] INFO  o.e.m.c.i.embedder.EclipseLogger - Using 'UTF-8' encoding to copy filtered resources.
2020-03-09 19:33:36,191 [Worker-95: Launching CrudSpringBoot - CrudSpringBootApplication] INFO  o.e.m.c.i.embedder.EclipseLogger - skip non existing resourceDirectory C:\Users\chueo\OneDrive\Escritorio\proyecto\CrudSpringBoot\src\test\resources
2020-03-09 19:35:31,004 [Worker-101: Launching CrudSpringBoot - CrudSpringBootApplication] INFO  o.e.m.c.i.embedder.EclipseLogger - Using 'UTF-8' encoding to copy filtered resources.
2020-03-09 19:35:31,005 [Worker-101: Launching CrudSpringBoot - CrudSpringBootApplication] INFO  o.e.m.c.i.embedder.EclipseLogger - Copying 0 resource
2020-03-09 19:35:31,007 [Worker-101: Launching CrudSpringBoot - CrudSpringBootApplication] INFO  o.e.m.c.i.embedder.EclipseLogger - Copying 1 resource
2020-03-09 19:35:31,014 [Worker-101: Launching CrudSpringBoot - CrudSpringBootApplication] INFO  o.e.m.c.i.embedder.EclipseLogger - Using 'UTF-8' encoding to copy filtered resources.
2020-03-09 19:35:31,014 [Worker-101: Launching CrudSpringBoot - CrudSpringBootApplication] INFO  o.e.m.c.i.embedder.EclipseLogger - skip non existing resourceDirectory C:\Users\chueo\OneDrive\Escritorio\proyecto\CrudSpringBoot\src\test\resources
2020-03-09 19:43:55,520 [Worker-105: Launching CrudSpringBoot - CrudSpringBootApplication] INFO  o.e.m.c.i.embedder.EclipseLogger - Using 'UTF-8' encoding to copy filtered resources.
2020-03-09 19:43:55,520 [Worker-105: Launching CrudSpringBoot - CrudSpringBootApplication] INFO  o.e.m.c.i.embedder.EclipseLogger - Copying 0 resource
2020-03-09 19:43:55,521 [Worker-105: Launching CrudSpringBoot - CrudSpringBootApplication] INFO  o.e.m.c.i.embedder.EclipseLogger - Copying 2 resources
2020-03-09 19:43:55,534 [Worker-105: Launching CrudSpringBoot - CrudSpringBootApplication] INFO  o.e.m.c.i.embedder.EclipseLogger - Using 'UTF-8' encoding to copy filtered resources.
2020-03-09 19:43:55,534 [Worker-105: Launching CrudSpringBoot - CrudSpringBootApplication] INFO  o.e.m.c.i.embedder.EclipseLogger - skip non existing resourceDirectory C:\Users\chueo\OneDrive\Escritorio\proyecto\CrudSpringBoot\src\test\resources
2020-03-09 19:45:32,508 [Worker-107: Building workspace] INFO  o.e.m.c.i.embedder.EclipseLogger - Using 'UTF-8' encoding to copy filtered resources.
2020-03-09 19:45:32,509 [Worker-107: Building workspace] INFO  o.e.m.c.i.embedder.EclipseLogger - Copying 0 resource
2020-03-09 19:45:32,511 [Worker-107: Building workspace] INFO  o.e.m.c.i.embedder.EclipseLogger - Copying 1 resource
2020-03-09 19:45:32,527 [Worker-107: Building workspace] INFO  o.e.m.c.i.embedder.EclipseLogger - Using 'UTF-8' encoding to copy filtered resources.
2020-03-09 19:45:32,527 [Worker-107: Building workspace] INFO  o.e.m.c.i.embedder.EclipseLogger - skip non existing resourceDirectory C:\Users\chueo\OneDrive\Escritorio\proyecto\CrudSpringBoot\src\test\resources
2020-03-09 19:50:25,727 [Worker-104: Building workspace] INFO  o.e.m.c.i.embedder.EclipseLogger - Using 'UTF-8' encoding to copy filtered resources.
2020-03-09 19:50:25,728 [Worker-104: Building workspace] INFO  o.e.m.c.i.embedder.EclipseLogger - Copying 0 resource
2020-03-09 19:50:25,728 [Worker-104: Building workspace] INFO  o.e.m.c.i.embedder.EclipseLogger - Copying 1 resource
2020-03-09 19:50:25,735 [Worker-104: Building workspace] INFO  o.e.m.c.i.embedder.EclipseLogger - Using 'UTF-8' encoding to copy filtered resources.
2020-03-09 19:50:25,735 [Worker-104: Building workspace] INFO  o.e.m.c.i.embedder.EclipseLogger - skip non existing resourceDirectory C:\Users\chueo\OneDrive\Escritorio\proyecto\CrudSpringBoot\src\test\resources
2020-03-09 19:51:26,205 [Worker-112: Building workspace] INFO  o.e.m.c.i.embedder.EclipseLogger - Using 'UTF-8' encoding to copy filtered resources.
2020-03-09 19:51:26,206 [Worker-112: Building workspace] INFO  o.e.m.c.i.embedder.EclipseLogger - Copying 0 resource
2020-03-09 19:51:26,208 [Worker-112: Building workspace] INFO  o.e.m.c.i.embedder.EclipseLogger - Copying 1 resource
2020-03-09 19:51:26,215 [Worker-112: Building workspace] INFO  o.e.m.c.i.embedder.EclipseLogger - Using 'UTF-8' encoding to copy filtered resources.
2020-03-09 19:51:26,216 [Worker-112: Building workspace] INFO  o.e.m.c.i.embedder.EclipseLogger - skip non existing resourceDirectory C:\Users\chueo\OneDrive\Escritorio\proyecto\CrudSpringBoot\src\test\resources
2020-03-09 19:51:50,526 [Worker-109: Building workspace] INFO  o.e.m.c.i.embedder.EclipseLogger - Using 'UTF-8' encoding to copy filtered resources.
2020-03-09 19:51:50,527 [Worker-109: Building workspace] INFO  o.e.m.c.i.embedder.EclipseLogger - Copying 0 resource
2020-03-09 19:51:50,527 [Worker-109: Building workspace] INFO  o.e.m.c.i.embedder.EclipseLogger - Copying 1 resource
2020-03-09 19:51:50,536 [Worker-109: Building workspace] INFO  o.e.m.c.i.embedder.EclipseLogger - Using 'UTF-8' encoding to copy filtered resources.
2020-03-09 19:51:50,536 [Worker-109: Building workspace] INFO  o.e.m.c.i.embedder.EclipseLogger - skip non existing resourceDirectory C:\Users\chueo\OneDrive\Escritorio\proyecto\CrudSpringBoot\src\test\resources
2020-03-09 19:52:23,185 [Worker-107: Building workspace] INFO  o.e.m.c.i.embedder.EclipseLogger - Using 'UTF-8' encoding to copy filtered resources.
2020-03-09 19:52:23,185 [Worker-107: Building workspace] INFO  o.e.m.c.i.embedder.EclipseLogger - Copying 0 resource
2020-03-09 19:52:23,186 [Worker-107: Building workspace] INFO  o.e.m.c.i.embedder.EclipseLogger - Copying 0 resource
2020-03-09 19:52:23,190 [Worker-107: Building workspace] INFO  o.e.m.c.i.embedder.EclipseLogger - Using 'UTF-8' encoding to copy filtered resources.
2020-03-09 19:52:23,190 [Worker-107: Building workspace] INFO  o.e.m.c.i.embedder.EclipseLogger - skip non existing resourceDirectory C:\Users\chueo\OneDrive\Escritorio\proyecto\CrudSpringBoot\src\test\resources
2020-03-09 20:18:15,069 [Worker-116: Building workspace] INFO  o.e.m.c.i.embedder.EclipseLogger - Using 'UTF-8' encoding to copy filtered resources.
2020-03-09 20:18:15,070 [Worker-116: Building workspace] INFO  o.e.m.c.i.embedder.EclipseLogger - Copying 0 resource
2020-03-09 20:18:15,071 [Worker-116: Building workspace] INFO  o.e.m.c.i.embedder.EclipseLogger - Copying 1 resource
2020-03-09 20:18:15,095 [Worker-116: Building workspace] INFO  o.e.m.c.i.embedder.EclipseLogger - Using 'UTF-8' encoding to copy filtered resources.
2020-03-09 20:18:15,096 [Worker-116: Building workspace] INFO  o.e.m.c.i.embedder.EclipseLogger - skip non existing resourceDirectory C:\Users\chueo\OneDrive\Escritorio\proyecto\CrudSpringBoot\src\test\resources
2020-03-09 20:36:40,726 [Worker-116: Building workspace] INFO  o.e.m.c.i.embedder.EclipseLogger - Using 'UTF-8' encoding to copy filtered resources.
2020-03-09 20:36:40,727 [Worker-116: Building workspace] INFO  o.e.m.c.i.embedder.EclipseLogger - Copying 0 resource
2020-03-09 20:36:40,729 [Worker-116: Building workspace] INFO  o.e.m.c.i.embedder.EclipseLogger - Copying 1 resource
2020-03-09 20:36:40,744 [Worker-116: Building workspace] INFO  o.e.m.c.i.embedder.EclipseLogger - Using 'UTF-8' encoding to copy filtered resources.
2020-03-09 20:36:40,745 [Worker-116: Building workspace] INFO  o.e.m.c.i.embedder.EclipseLogger - skip non existing resourceDirectory C:\Users\chueo\OneDrive\Escritorio\proyecto\CrudSpringBoot\src\test\resources
2020-03-09 20:37:16,400 [Worker-123: Launching CrudSpringBoot - CrudSpringBootApplication] INFO  o.e.m.c.i.embedder.EclipseLogger - Using 'UTF-8' encoding to copy filtered resources.
2020-03-09 20:37:16,400 [Worker-123: Launching CrudSpringBoot - CrudSpringBootApplication] INFO  o.e.m.c.i.embedder.EclipseLogger - Copying 0 resource
2020-03-09 20:37:16,400 [Worker-123: Launching CrudSpringBoot - CrudSpringBootApplication] INFO  o.e.m.c.i.embedder.EclipseLogger - Copying 1 resource
2020-03-09 20:37:16,406 [Worker-123: Launching CrudSpringBoot - CrudSpringBootApplication] INFO  o.e.m.c.i.embedder.EclipseLogger - Using 'UTF-8' encoding to copy filtered resources.
2020-03-09 20:37:16,406 [Worker-123: Launching CrudSpringBoot - CrudSpringBootApplication] INFO  o.e.m.c.i.embedder.EclipseLogger - skip non existing resourceDirectory C:\Users\chueo\OneDrive\Escritorio\proyecto\CrudSpringBoot\src\test\resources
2020-03-09 20:37:49,736 [Worker-117: Building workspace] INFO  o.e.m.c.i.embedder.EclipseLogger - Using 'UTF-8' encoding to copy filtered resources.
2020-03-09 20:37:49,736 [Worker-117: Building workspace] INFO  o.e.m.c.i.embedder.EclipseLogger - Copying 0 resource
2020-03-09 20:37:49,737 [Worker-117: Building workspace] INFO  o.e.m.c.i.embedder.EclipseLogger - Copying 1 resource
2020-03-09 20:37:49,757 [Worker-117: Building workspace] INFO  o.e.m.c.i.embedder.EclipseLogger - Using 'UTF-8' encoding to copy filtered resources.
2020-03-09 20:37:49,757 [Worker-117: Building workspace] INFO  o.e.m.c.i.embedder.EclipseLogger - skip non existing resourceDirectory C:\Users\chueo\OneDrive\Escritorio\proyecto\CrudSpringBoot\src\test\resources
2020-03-09 21:03:00,300 [Worker-122: Building workspace] INFO  o.e.m.c.i.embedder.EclipseLogger - Using 'UTF-8' encoding to copy filtered resources.
2020-03-09 21:03:00,301 [Worker-122: Building workspace] INFO  o.e.m.c.i.embedder.EclipseLogger - Copying 0 resource
2020-03-09 21:03:00,302 [Worker-122: Building workspace] INFO  o.e.m.c.i.embedder.EclipseLogger - Copying 1 resource
2020-03-09 21:03:00,309 [Worker-122: Building workspace] INFO  o.e.m.c.i.embedder.EclipseLogger - Using 'UTF-8' encoding to copy filtered resources.
2020-03-09 21:03:00,309 [Worker-122: Building workspace] INFO  o.e.m.c.i.embedder.EclipseLogger - skip non existing resourceDirectory C:\Users\chueo\OneDrive\Escritorio\proyecto\CrudSpringBoot\src\test\resources
2020-03-09 21:07:59,889 [Worker-132: Building workspace] INFO  o.e.m.c.i.embedder.EclipseLogger - Using 'UTF-8' encoding to copy filtered resources.
2020-03-09 21:07:59,891 [Worker-132: Building workspace] INFO  o.e.m.c.i.embedder.EclipseLogger - Copying 0 resource
2020-03-09 21:07:59,892 [Worker-132: Building workspace] INFO  o.e.m.c.i.embedder.EclipseLogger - Copying 1 resource
2020-03-09 21:07:59,902 [Worker-132: Building workspace] INFO  o.e.m.c.i.embedder.EclipseLogger - Using 'UTF-8' encoding to copy filtered resources.
2020-03-09 21:07:59,902 [Worker-132: Building workspace] INFO  o.e.m.c.i.embedder.EclipseLogger - skip non existing resourceDirectory C:\Users\chueo\OneDrive\Escritorio\proyecto\CrudSpringBoot\src\test\resources
2020-03-09 21:10:43,058 [Worker-132: Building workspace] INFO  o.e.m.c.i.embedder.EclipseLogger - Using 'UTF-8' encoding to copy filtered resources.
2020-03-09 21:10:43,064 [Worker-132: Building workspace] INFO  o.e.m.c.i.embedder.EclipseLogger - Copying 1 resource
2020-03-09 21:10:43,075 [Worker-132: Building workspace] INFO  o.e.m.c.i.embedder.EclipseLogger - Copying 3 resources
2020-03-09 21:10:43,080 [Worker-132: Building workspace] INFO  o.e.m.c.i.embedder.EclipseLogger - Using 'UTF-8' encoding to copy filtered resources.
2020-03-09 21:10:43,081 [Worker-132: Building workspace] INFO  o.e.m.c.i.embedder.EclipseLogger - skip non existing resourceDirectory C:\Users\chueo\OneDrive\Escritorio\proyecto\CrudSpringBoot\src\test\resources
2020-03-09 21:36:47,239 [Worker-134: Building workspace] INFO  o.e.m.c.i.embedder.EclipseLogger - Using 'UTF-8' encoding to copy filtered resources.
2020-03-09 21:36:47,240 [Worker-134: Building workspace] INFO  o.e.m.c.i.embedder.EclipseLogger - Copying 0 resource
2020-03-09 21:36:47,241 [Worker-134: Building workspace] INFO  o.e.m.c.i.embedder.EclipseLogger - Copying 1 resource
2020-03-09 21:36:47,248 [Worker-134: Building workspace] INFO  o.e.m.c.i.embedder.EclipseLogger - Using 'UTF-8' encoding to copy filtered resources.
2020-03-09 21:36:47,248 [Worker-134: Building workspace] INFO  o.e.m.c.i.embedder.EclipseLogger - skip non existing resourceDirectory C:\Users\chueo\OneDrive\Escritorio\proyecto\CrudSpringBoot\src\test\resources
2020-03-09 21:42:15,200 [Worker-141: Building workspace] INFO  o.e.m.c.i.embedder.EclipseLogger - Using 'UTF-8' encoding to copy filtered resources.
2020-03-09 21:42:15,201 [Worker-141: Building workspace] INFO  o.e.m.c.i.embedder.EclipseLogger - Copying 0 resource
2020-03-09 21:42:15,202 [Worker-141: Building workspace] INFO  o.e.m.c.i.embedder.EclipseLogger - Copying 0 resource
2020-03-09 21:42:15,206 [Worker-141: Building workspace] INFO  o.e.m.c.i.embedder.EclipseLogger - Using 'UTF-8' encoding to copy filtered resources.
2020-03-09 21:42:15,206 [Worker-141: Building workspace] INFO  o.e.m.c.i.embedder.EclipseLogger - skip non existing resourceDirectory C:\Users\chueo\OneDrive\Escritorio\proyecto\CrudSpringBoot\src\test\resources
2020-03-09 21:42:29,062 [Worker-144: Building workspace] INFO  o.e.m.c.i.embedder.EclipseLogger - Using 'UTF-8' encoding to copy filtered resources.
2020-03-09 21:42:29,063 [Worker-144: Building workspace] INFO  o.e.m.c.i.embedder.EclipseLogger - Copying 0 resource
2020-03-09 21:42:29,063 [Worker-144: Building workspace] INFO  o.e.m.c.i.embedder.EclipseLogger - Copying 1 resource
2020-03-09 21:42:29,072 [Worker-144: Building workspace] INFO  o.e.m.c.i.embedder.EclipseLogger - Using 'UTF-8' encoding to copy filtered resources.
2020-03-09 21:42:29,072 [Worker-144: Building workspace] INFO  o.e.m.c.i.embedder.EclipseLogger - skip non existing resourceDirectory C:\Users\chueo\OneDrive\Escritorio\proyecto\CrudSpringBoot\src\test\resources
2020-03-09 21:43:01,050 [Worker-146: Building workspace] INFO  o.e.m.c.i.embedder.EclipseLogger - Using 'UTF-8' encoding to copy filtered resources.
2020-03-09 21:43:01,050 [Worker-146: Building workspace] INFO  o.e.m.c.i.embedder.EclipseLogger - Copying 0 resource
2020-03-09 21:43:01,050 [Worker-146: Building workspace] INFO  o.e.m.c.i.embedder.EclipseLogger - Copying 1 resource
2020-03-09 21:43:01,056 [Worker-146: Building workspace] INFO  o.e.m.c.i.embedder.EclipseLogger - Using 'UTF-8' encoding to copy filtered resources.
2020-03-09 21:43:01,057 [Worker-146: Building workspace] INFO  o.e.m.c.i.embedder.EclipseLogger - skip non existing resourceDirectory C:\Users\chueo\OneDrive\Escritorio\proyecto\CrudSpringBoot\src\test\resources
2020-03-09 23:57:23,397 [Worker-162: Building workspace] INFO  o.e.m.c.i.embedder.EclipseLogger - Using 'UTF-8' encoding to copy filtered resources.
2020-03-09 23:57:23,404 [Worker-162: Building workspace] INFO  o.e.m.c.i.embedder.EclipseLogger - Copying 1 resource
2020-03-09 23:57:23,432 [Worker-162: Building workspace] INFO  o.e.m.c.i.embedder.EclipseLogger - Copying 2 resources
2020-03-09 23:57:23,437 [Worker-162: Building workspace] INFO  o.e.m.c.i.embedder.EclipseLogger - Using 'UTF-8' encoding to copy filtered resources.
2020-03-09 23:57:23,438 [Worker-162: Building workspace] INFO  o.e.m.c.i.embedder.EclipseLogger - skip non existing resourceDirectory C:\Users\chueo\OneDrive\Escritorio\proyecto\CrudSpringBoot\src\test\resources
2020-03-09 23:58:06,088 [Worker-161: Building workspace] INFO  o.e.m.c.i.embedder.EclipseLogger - Using 'UTF-8' encoding to copy filtered resources.
2020-03-09 23:58:06,089 [Worker-161: Building workspace] INFO  o.e.m.c.i.embedder.EclipseLogger - Copying 1 resource
2020-03-09 23:58:06,093 [Worker-161: Building workspace] INFO  o.e.m.c.i.embedder.EclipseLogger - Copying 2 resources
2020-03-09 23:58:06,096 [Worker-161: Building workspace] INFO  o.e.m.c.i.embedder.EclipseLogger - Using 'UTF-8' encoding to copy filtered resources.
2020-03-09 23:58:06,096 [Worker-161: Building workspace] INFO  o.e.m.c.i.embedder.EclipseLogger - skip non existing resourceDirectory C:\Users\chueo\OneDrive\Escritorio\proyecto\CrudSpringBoot\src\test\resources
2020-03-10 00:01:27,682 [Worker-162: Building workspace] INFO  o.e.m.c.i.embedder.EclipseLogger - Using 'UTF-8' encoding to copy filtered resources.
2020-03-10 00:01:27,683 [Worker-162: Building workspace] INFO  o.e.m.c.i.embedder.EclipseLogger - Copying 1 resource
2020-03-10 00:01:27,686 [Worker-162: Building workspace] INFO  o.e.m.c.i.embedder.EclipseLogger - Copying 2 resources
2020-03-10 00:01:27,689 [Worker-162: Building workspace] INFO  o.e.m.c.i.embedder.EclipseLogger - Using 'UTF-8' encoding to copy filtered resources.
2020-03-10 00:01:27,689 [Worker-162: Building workspace] INFO  o.e.m.c.i.embedder.EclipseLogger - skip non existing resourceDirectory C:\Users\chueo\OneDrive\Escritorio\proyecto\CrudSpringBoot\src\test\resources
2020-03-10 00:02:58,700 [Worker-162: Building workspace] INFO  o.e.m.c.i.embedder.EclipseLogger - Using 'UTF-8' encoding to copy filtered resources.
2020-03-10 00:02:58,701 [Worker-162: Building workspace] INFO  o.e.m.c.i.embedder.EclipseLogger - Copying 1 resource
2020-03-10 00:02:58,709 [Worker-162: Building workspace] INFO  o.e.m.c.i.embedder.EclipseLogger - Copying 2 resources
2020-03-10 00:02:58,712 [Worker-162: Building workspace] INFO  o.e.m.c.i.embedder.EclipseLogger - Using 'UTF-8' encoding to copy filtered resources.
2020-03-10 00:02:58,713 [Worker-162: Building workspace] INFO  o.e.m.c.i.embedder.EclipseLogger - skip non existing resourceDirectory C:\Users\chueo\OneDrive\Escritorio\proyecto\CrudSpringBoot\src\test\resources
2020-03-10 00:14:17,938 [Worker-166: Launching CrudSpringBoot - CrudSpringBootApplication] INFO  o.e.m.c.i.embedder.EclipseLogger - Using 'UTF-8' encoding to copy filtered resources.
2020-03-10 00:14:17,940 [Worker-166: Launching CrudSpringBoot - CrudSpringBootApplication] INFO  o.e.m.c.i.embedder.EclipseLogger - Copying 1 resource
2020-03-10 00:14:17,943 [Worker-166: Launching CrudSpringBoot - CrudSpringBootApplication] INFO  o.e.m.c.i.embedder.EclipseLogger - Copying 2 resources
2020-03-10 00:14:17,950 [Worker-166: Launching CrudSpringBoot - CrudSpringBootApplication] INFO  o.e.m.c.i.embedder.EclipseLogger - Using 'UTF-8' encoding to copy filtered resources.
2020-03-10 00:14:17,950 [Worker-166: Launching CrudSpringBoot - CrudSpringBootApplication] INFO  o.e.m.c.i.embedder.EclipseLogger - skip non existing resourceDirectory C:\Users\chueo\OneDrive\Escritorio\proyecto\CrudSpringBoot\src\test\resources
2020-03-10 00:17:55,991 [Worker-176: Building workspace] INFO  o.e.m.c.i.embedder.EclipseLogger - Using 'UTF-8' encoding to copy filtered resources.
2020-03-10 00:17:55,992 [Worker-176: Building workspace] INFO  o.e.m.c.i.embedder.EclipseLogger - Copying 1 resource
2020-03-10 00:17:55,995 [Worker-176: Building workspace] INFO  o.e.m.c.i.embedder.EclipseLogger - Copying 2 resources
2020-03-10 00:17:55,997 [Worker-176: Building workspace] INFO  o.e.m.c.i.embedder.EclipseLogger - Using 'UTF-8' encoding to copy filtered resources.
2020-03-10 00:17:55,998 [Worker-176: Building workspace] INFO  o.e.m.c.i.embedder.EclipseLogger - skip non existing resourceDirectory C:\Users\chueo\OneDrive\Escritorio\proyecto\CrudSpringBoot\src\test\resources
2020-03-10 00:22:11,864 [Worker-171: Building workspace] INFO  o.e.m.c.i.embedder.EclipseLogger - Using 'UTF-8' encoding to copy filtered resources.
2020-03-10 00:22:11,866 [Worker-171: Building workspace] INFO  o.e.m.c.i.embedder.EclipseLogger - Copying 1 resource
2020-03-10 00:22:11,869 [Worker-171: Building workspace] INFO  o.e.m.c.i.embedder.EclipseLogger - Copying 2 resources
2020-03-10 00:22:11,871 [Worker-171: Building workspace] INFO  o.e.m.c.i.embedder.EclipseLogger - Using 'UTF-8' encoding to copy filtered resources.
2020-03-10 00:22:11,871 [Worker-171: Building workspace] INFO  o.e.m.c.i.embedder.EclipseLogger - skip non existing resourceDirectory C:\Users\chueo\OneDrive\Escritorio\proyecto\CrudSpringBoot\src\test\resources
2020-03-10 00:22:37,478 [Worker-179: Building workspace] INFO  o.e.m.c.i.embedder.EclipseLogger - Using 'UTF-8' encoding to copy filtered resources.
2020-03-10 00:22:37,479 [Worker-179: Building workspace] INFO  o.e.m.c.i.embedder.EclipseLogger - Copying 1 resource
2020-03-10 00:22:37,491 [Worker-179: Building workspace] INFO  o.e.m.c.i.embedder.EclipseLogger - Copying 2 resources
2020-03-10 00:22:37,498 [Worker-179: Building workspace] INFO  o.e.m.c.i.embedder.EclipseLogger - Using 'UTF-8' encoding to copy filtered resources.
2020-03-10 00:22:37,498 [Worker-179: Building workspace] INFO  o.e.m.c.i.embedder.EclipseLogger - skip non existing resourceDirectory C:\Users\chueo\OneDrive\Escritorio\proyecto\CrudSpringBoot\src\test\resources
2020-03-10 00:49:13,349 [Worker-5: Loading available Gradle versions] INFO  o.e.b.c.i.u.g.PublishedGradleVersions - Gradle version information cache is up-to-date. Trying to read.
2020-03-10 00:55:00,050 [Worker-10: Building workspace] INFO  o.e.m.c.i.embedder.EclipseLogger - Using 'UTF-8' encoding to copy filtered resources.
2020-03-10 00:55:00,055 [Worker-10: Building workspace] INFO  o.e.m.c.i.embedder.EclipseLogger - Copying 1 resource
2020-03-10 00:55:00,114 [Worker-10: Building workspace] INFO  o.e.m.c.i.embedder.EclipseLogger - Copying 2 resources
2020-03-10 00:55:00,183 [Worker-10: Building workspace] INFO  o.e.m.c.i.embedder.EclipseLogger - Using 'UTF-8' encoding to copy filtered resources.
2020-03-10 00:55:00,183 [Worker-10: Building workspace] INFO  o.e.m.c.i.embedder.EclipseLogger - skip non existing resourceDirectory C:\Users\chueo\OneDrive\Escritorio\proyecto\CrudSpringBoot\src\test\resources
2020-03-10 01:01:19,450 [Worker-5: Building workspace] INFO  o.e.m.c.i.embedder.EclipseLogger - Using 'UTF-8' encoding to copy filtered resources.
2020-03-10 01:01:19,460 [Worker-5: Building workspace] INFO  o.e.m.c.i.embedder.EclipseLogger - Copying 0 resource
2020-03-10 01:01:19,461 [Worker-5: Building workspace] INFO  o.e.m.c.i.embedder.EclipseLogger - Copying 1 resource
2020-03-10 01:01:19,467 [Worker-5: Building workspace] INFO  o.e.m.c.i.embedder.EclipseLogger - Using 'UTF-8' encoding to copy filtered resources.
2020-03-10 01:01:19,467 [Worker-5: Building workspace] INFO  o.e.m.c.i.embedder.EclipseLogger - skip non existing resourceDirectory C:\Users\chueo\OneDrive\Escritorio\proyecto\CrudSpringBoot\src\test\resources
2020-03-10 01:01:19,619 [Worker-16: Launching CrudSpringBoot - CrudSpringBootApplication] INFO  o.e.m.c.i.embedder.EclipseLogger - Using 'UTF-8' encoding to copy filtered resources.
2020-03-10 01:01:19,623 [Worker-16: Launching CrudSpringBoot - CrudSpringBootApplication] INFO  o.e.m.c.i.embedder.EclipseLogger - Copying 1 resource
2020-03-10 01:01:19,627 [Worker-16: Launching CrudSpringBoot - CrudSpringBootApplication] INFO  o.e.m.c.i.embedder.EclipseLogger - Copying 2 resources
2020-03-10 01:01:19,630 [Worker-16: Launching CrudSpringBoot - CrudSpringBootApplication] INFO  o.e.m.c.i.embedder.EclipseLogger - Using 'UTF-8' encoding to copy filtered resources.
2020-03-10 01:01:19,631 [Worker-16: Launching CrudSpringBoot - CrudSpringBootApplication] INFO  o.e.m.c.i.embedder.EclipseLogger - skip non existing resourceDirectory C:\Users\chueo\OneDrive\Escritorio\proyecto\CrudSpringBoot\src\test\resources
2020-03-10 01:05:46,148 [Worker-12: Building workspace] INFO  o.e.m.c.i.embedder.EclipseLogger - Using 'UTF-8' encoding to copy filtered resources.
2020-03-10 01:05:46,149 [Worker-12: Building workspace] INFO  o.e.m.c.i.embedder.EclipseLogger - Copying 1 resource
2020-03-10 01:05:46,153 [Worker-12: Building workspace] INFO  o.e.m.c.i.embedder.EclipseLogger - Copying 2 resources
2020-03-10 01:05:46,155 [Worker-12: Building workspace] INFO  o.e.m.c.i.embedder.EclipseLogger - Using 'UTF-8' encoding to copy filtered resources.
2020-03-10 01:05:46,156 [Worker-12: Building workspace] INFO  o.e.m.c.i.embedder.EclipseLogger - skip non existing resourceDirectory C:\Users\chueo\OneDrive\Escritorio\proyecto\CrudSpringBoot\src\test\resources
2020-03-10 01:05:49,959 [Worker-2: Launching CrudSpringBoot - CrudSpringBootApplication] INFO  o.e.m.c.i.embedder.EclipseLogger - Using 'UTF-8' encoding to copy filtered resources.
2020-03-10 01:05:49,961 [Worker-2: Launching CrudSpringBoot - CrudSpringBootApplication] INFO  o.e.m.c.i.embedder.EclipseLogger - Copying 1 resource
2020-03-10 01:05:49,970 [Worker-2: Launching CrudSpringBoot - CrudSpringBootApplication] INFO  o.e.m.c.i.embedder.EclipseLogger - Copying 2 resources
2020-03-10 01:05:49,973 [Worker-2: Launching CrudSpringBoot - CrudSpringBootApplication] INFO  o.e.m.c.i.embedder.EclipseLogger - Using 'UTF-8' encoding to copy filtered resources.
2020-03-10 01:05:49,973 [Worker-2: Launching CrudSpringBoot - CrudSpringBootApplication] INFO  o.e.m.c.i.embedder.EclipseLogger - skip non existing resourceDirectory C:\Users\chueo\OneDrive\Escritorio\proyecto\CrudSpringBoot\src\test\resources
2020-03-10 01:07:46,003 [Worker-16: Launching CrudSpringBoot - CrudSpringBootApplication] INFO  o.e.m.c.i.embedder.EclipseLogger - Using 'UTF-8' encoding to copy filtered resources.
2020-03-10 01:07:46,004 [Worker-16: Launching CrudSpringBoot - CrudSpringBootApplication] INFO  o.e.m.c.i.embedder.EclipseLogger - Copying 1 resource
2020-03-10 01:07:46,027 [Worker-16: Launching CrudSpringBoot - CrudSpringBootApplication] INFO  o.e.m.c.i.embedder.EclipseLogger - Copying 2 resources
2020-03-10 01:07:46,029 [Worker-16: Launching CrudSpringBoot - CrudSpringBootApplication] INFO  o.e.m.c.i.embedder.EclipseLogger - Using 'UTF-8' encoding to copy filtered resources.
2020-03-10 01:07:46,030 [Worker-16: Launching CrudSpringBoot - CrudSpringBootApplication] INFO  o.e.m.c.i.embedder.EclipseLogger - skip non existing resourceDirectory C:\Users\chueo\OneDrive\Escritorio\proyecto\CrudSpringBoot\src\test\resources
2020-03-10 01:10:08,046 [Worker-18: Building workspace] INFO  o.e.m.c.i.embedder.EclipseLogger - Using 'UTF-8' encoding to copy filtered resources.
2020-03-10 01:10:08,047 [Worker-18: Building workspace] INFO  o.e.m.c.i.embedder.EclipseLogger - Copying 0 resource
2020-03-10 01:10:08,048 [Worker-18: Building workspace] INFO  o.e.m.c.i.embedder.EclipseLogger - Copying 1 resource
2020-03-10 01:10:08,056 [Worker-18: Building workspace] INFO  o.e.m.c.i.embedder.EclipseLogger - Using 'UTF-8' encoding to copy filtered resources.
2020-03-10 01:10:08,056 [Worker-18: Building workspace] INFO  o.e.m.c.i.embedder.EclipseLogger - skip non existing resourceDirectory C:\Users\chueo\OneDrive\Escritorio\proyecto\CrudSpringBoot\src\test\resources
2020-03-10 01:11:53,734 [Worker-20: Building workspace] INFO  o.e.m.c.i.embedder.EclipseLogger - Using 'UTF-8' encoding to copy filtered resources.
2020-03-10 01:11:53,735 [Worker-20: Building workspace] INFO  o.e.m.c.i.embedder.EclipseLogger - Copying 0 resource
2020-03-10 01:11:53,735 [Worker-20: Building workspace] INFO  o.e.m.c.i.embedder.EclipseLogger - Copying 1 resource
2020-03-10 01:11:53,741 [Worker-20: Building workspace] INFO  o.e.m.c.i.embedder.EclipseLogger - Using 'UTF-8' encoding to copy filtered resources.
2020-03-10 01:11:53,742 [Worker-20: Building workspace] INFO  o.e.m.c.i.embedder.EclipseLogger - skip non existing resourceDirectory C:\Users\chueo\OneDrive\Escritorio\proyecto\CrudSpringBoot\src\test\resources
2020-03-10 01:11:58,578 [Worker-17: Launching CrudSpringBoot - CrudSpringBootApplication] INFO  o.e.m.c.i.embedder.EclipseLogger - Using 'UTF-8' encoding to copy filtered resources.
2020-03-10 01:11:58,579 [Worker-17: Launching CrudSpringBoot - CrudSpringBootApplication] INFO  o.e.m.c.i.embedder.EclipseLogger - Copying 1 resource
2020-03-10 01:11:58,584 [Worker-17: Launching CrudSpringBoot - CrudSpringBootApplication] INFO  o.e.m.c.i.embedder.EclipseLogger - Copying 3 resources
2020-03-10 01:11:58,590 [Worker-17: Launching CrudSpringBoot - CrudSpringBootApplication] INFO  o.e.m.c.i.embedder.EclipseLogger - Using 'UTF-8' encoding to copy filtered resources.
2020-03-10 01:11:58,590 [Worker-17: Launching CrudSpringBoot - CrudSpringBootApplication] INFO  o.e.m.c.i.embedder.EclipseLogger - skip non existing resourceDirectory C:\Users\chueo\OneDrive\Escritorio\proyecto\CrudSpringBoot\src\test\resources
2020-03-10 01:12:33,476 [Worker-18: Launching CrudSpringBoot - CrudSpringBootApplication] INFO  o.e.m.c.i.embedder.EclipseLogger - Using 'UTF-8' encoding to copy filtered resources.
2020-03-10 01:12:33,477 [Worker-18: Launching CrudSpringBoot - CrudSpringBootApplication] INFO  o.e.m.c.i.embedder.EclipseLogger - Copying 1 resource
2020-03-10 01:12:33,482 [Worker-18: Launching CrudSpringBoot - CrudSpringBootApplication] INFO  o.e.m.c.i.embedder.EclipseLogger - Copying 3 resources
2020-03-10 01:12:33,485 [Worker-18: Launching CrudSpringBoot - CrudSpringBootApplication] INFO  o.e.m.c.i.embedder.EclipseLogger - Using 'UTF-8' encoding to copy filtered resources.
2020-03-10 01:12:33,485 [Worker-18: Launching CrudSpringBoot - CrudSpringBootApplication] INFO  o.e.m.c.i.embedder.EclipseLogger - skip non existing resourceDirectory C:\Users\chueo\OneDrive\Escritorio\proyecto\CrudSpringBoot\src\test\resources
2020-03-10 01:15:10,836 [Worker-25: Building workspace] INFO  o.e.m.c.i.embedder.EclipseLogger - Using 'UTF-8' encoding to copy filtered resources.
2020-03-10 01:15:10,837 [Worker-25: Building workspace] INFO  o.e.m.c.i.embedder.EclipseLogger - Copying 0 resource
2020-03-10 01:15:10,838 [Worker-25: Building workspace] INFO  o.e.m.c.i.embedder.EclipseLogger - Copying 1 resource
2020-03-10 01:15:10,857 [Worker-25: Building workspace] INFO  o.e.m.c.i.embedder.EclipseLogger - Using 'UTF-8' encoding to copy filtered resources.
2020-03-10 01:15:10,857 [Worker-25: Building workspace] INFO  o.e.m.c.i.embedder.EclipseLogger - skip non existing resourceDirectory C:\Users\chueo\OneDrive\Escritorio\proyecto\CrudSpringBoot\src\test\resources
2020-03-10 01:26:09,923 [Worker-29: Launching CrudSpringBoot - CrudSpringBootApplication] INFO  o.e.m.c.i.embedder.EclipseLogger - Using 'UTF-8' encoding to copy filtered resources.
2020-03-10 01:26:09,924 [Worker-29: Launching CrudSpringBoot - CrudSpringBootApplication] INFO  o.e.m.c.i.embedder.EclipseLogger - Copying 1 resource
2020-03-10 01:26:09,931 [Worker-29: Launching CrudSpringBoot - CrudSpringBootApplication] INFO  o.e.m.c.i.embedder.EclipseLogger - Copying 4 resources
2020-03-10 01:26:09,940 [Worker-29: Launching CrudSpringBoot - CrudSpringBootApplication] INFO  o.e.m.c.i.embedder.EclipseLogger - Using 'UTF-8' encoding to copy filtered resources.
2020-03-10 01:26:09,940 [Worker-29: Launching CrudSpringBoot - CrudSpringBootApplication] INFO  o.e.m.c.i.embedder.EclipseLogger - skip non existing resourceDirectory C:\Users\chueo\OneDrive\Escritorio\proyecto\CrudSpringBoot\src\test\resources
2020-03-10 01:27:20,860 [Worker-26: Launching CrudSpringBoot - CrudSpringBootApplication] INFO  o.e.m.c.i.embedder.EclipseLogger - Using 'UTF-8' encoding to copy filtered resources.
2020-03-10 01:27:20,861 [Worker-26: Launching CrudSpringBoot - CrudSpringBootApplication] INFO  o.e.m.c.i.embedder.EclipseLogger - Copying 1 resource
2020-03-10 01:27:20,865 [Worker-26: Launching CrudSpringBoot - CrudSpringBootApplication] INFO  o.e.m.c.i.embedder.EclipseLogger - Copying 4 resources
2020-03-10 01:27:20,867 [Worker-26: Launching CrudSpringBoot - CrudSpringBootApplication] INFO  o.e.m.c.i.embedder.EclipseLogger - Using 'UTF-8' encoding to copy filtered resources.
2020-03-10 01:27:20,867 [Worker-26: Launching CrudSpringBoot - CrudSpringBootApplication] INFO  o.e.m.c.i.embedder.EclipseLogger - skip non existing resourceDirectory C:\Users\chueo\OneDrive\Escritorio\proyecto\CrudSpringBoot\src\test\resources
2020-03-10 01:30:56,796 [Worker-33: Launching CrudSpringBoot - CrudSpringBootApplication] INFO  o.e.m.c.i.embedder.EclipseLogger - Using 'UTF-8' encoding to copy filtered resources.
2020-03-10 01:30:56,800 [Worker-33: Launching CrudSpringBoot - CrudSpringBootApplication] INFO  o.e.m.c.i.embedder.EclipseLogger - Copying 1 resource
2020-03-10 01:30:56,805 [Worker-33: Launching CrudSpringBoot - CrudSpringBootApplication] INFO  o.e.m.c.i.embedder.EclipseLogger - Copying 4 resources
2020-03-10 01:30:56,813 [Worker-33: Launching CrudSpringBoot - CrudSpringBootApplication] INFO  o.e.m.c.i.embedder.EclipseLogger - Using 'UTF-8' encoding to copy filtered resources.
2020-03-10 01:30:56,813 [Worker-33: Launching CrudSpringBoot - CrudSpringBootApplication] INFO  o.e.m.c.i.embedder.EclipseLogger - skip non existing resourceDirectory C:\Users\chueo\OneDrive\Escritorio\proyecto\CrudSpringBoot\src\test\resources
2020-03-10 01:32:32,721 [Worker-34: Building workspace] INFO  o.e.m.c.i.embedder.EclipseLogger - Using 'UTF-8' encoding to copy filtered resources.
2020-03-10 01:32:32,721 [Worker-34: Building workspace] INFO  o.e.m.c.i.embedder.EclipseLogger - Copying 0 resource
2020-03-10 01:32:32,726 [Worker-34: Building workspace] INFO  o.e.m.c.i.embedder.EclipseLogger - Copying 1 resource
2020-03-10 01:32:32,736 [Worker-34: Building workspace] INFO  o.e.m.c.i.embedder.EclipseLogger - Using 'UTF-8' encoding to copy filtered resources.
2020-03-10 01:32:32,736 [Worker-34: Building workspace] INFO  o.e.m.c.i.embedder.EclipseLogger - skip non existing resourceDirectory C:\Users\chueo\OneDrive\Escritorio\proyecto\CrudSpringBoot\src\test\resources
2020-03-10 01:38:32,108 [Worker-34: Building workspace] INFO  o.e.m.c.i.embedder.EclipseLogger - Using 'UTF-8' encoding to copy filtered resources.
2020-03-10 01:38:32,110 [Worker-34: Building workspace] INFO  o.e.m.c.i.embedder.EclipseLogger - Copying 1 resource
2020-03-10 01:38:32,117 [Worker-34: Building workspace] INFO  o.e.m.c.i.embedder.EclipseLogger - Copying 4 resources
2020-03-10 01:38:32,122 [Worker-34: Building workspace] INFO  o.e.m.c.i.embedder.EclipseLogger - Using 'UTF-8' encoding to copy filtered resources.
2020-03-10 01:38:32,122 [Worker-34: Building workspace] INFO  o.e.m.c.i.embedder.EclipseLogger - skip non existing resourceDirectory C:\Users\chueo\OneDrive\Escritorio\proyecto\CrudSpringBoot\src\test\resources
2020-03-10 01:38:50,041 [Worker-43: Building workspace] INFO  o.e.m.c.i.embedder.EclipseLogger - Using 'UTF-8' encoding to copy filtered resources.
2020-03-10 01:38:50,041 [Worker-43: Building workspace] INFO  o.e.m.c.i.embedder.EclipseLogger - Copying 0 resource
2020-03-10 01:38:50,042 [Worker-43: Building workspace] INFO  o.e.m.c.i.embedder.EclipseLogger - Copying 1 resource
2020-03-10 01:38:50,048 [Worker-43: Building workspace] INFO  o.e.m.c.i.embedder.EclipseLogger - Using 'UTF-8' encoding to copy filtered resources.
2020-03-10 01:38:50,048 [Worker-43: Building workspace] INFO  o.e.m.c.i.embedder.EclipseLogger - skip non existing resourceDirectory C:\Users\chueo\OneDrive\Escritorio\proyecto\CrudSpringBoot\src\test\resources
2020-03-10 01:45:15,616 [Worker-40: Building workspace] INFO  o.e.m.c.i.embedder.EclipseLogger - Using 'UTF-8' encoding to copy filtered resources.
2020-03-10 01:45:15,616 [Worker-40: Building workspace] INFO  o.e.m.c.i.embedder.EclipseLogger - Copying 0 resource
2020-03-10 01:45:15,616 [Worker-40: Building workspace] INFO  o.e.m.c.i.embedder.EclipseLogger - Copying 1 resource
2020-03-10 01:45:15,616 [Worker-40: Building workspace] INFO  o.e.m.c.i.embedder.EclipseLogger - Using 'UTF-8' encoding to copy filtered resources.
2020-03-10 01:45:15,616 [Worker-40: Building workspace] INFO  o.e.m.c.i.embedder.EclipseLogger - skip non existing resourceDirectory C:\Users\chueo\OneDrive\Escritorio\proyecto\CrudSpringBoot\src\test\resources
2020-03-10 02:02:35,465 [Worker-53: Launching CrudSpringBoot - CrudSpringBootApplication] INFO  o.e.m.c.i.embedder.EclipseLogger - Using 'UTF-8' encoding to copy filtered resources.
2020-03-10 02:02:35,467 [Worker-53: Launching CrudSpringBoot - CrudSpringBootApplication] INFO  o.e.m.c.i.embedder.EclipseLogger - Copying 1 resource
2020-03-10 02:02:35,470 [Worker-53: Launching CrudSpringBoot - CrudSpringBootApplication] INFO  o.e.m.c.i.embedder.EclipseLogger - Copying 4 resources
2020-03-10 02:02:35,478 [Worker-53: Launching CrudSpringBoot - CrudSpringBootApplication] INFO  o.e.m.c.i.embedder.EclipseLogger - Using 'UTF-8' encoding to copy filtered resources.
2020-03-10 02:02:35,478 [Worker-53: Launching CrudSpringBoot - CrudSpringBootApplication] INFO  o.e.m.c.i.embedder.EclipseLogger - skip non existing resourceDirectory C:\Users\chueo\OneDrive\Escritorio\proyecto\CrudSpringBoot\src\test\resources
2020-03-10 02:03:59,769 [Worker-53: Building workspace] INFO  o.e.m.c.i.embedder.EclipseLogger - Using 'UTF-8' encoding to copy filtered resources.
2020-03-10 02:03:59,770 [Worker-53: Building workspace] INFO  o.e.m.c.i.embedder.EclipseLogger - Copying 0 resource
2020-03-10 02:03:59,770 [Worker-53: Building workspace] INFO  o.e.m.c.i.embedder.EclipseLogger - Copying 1 resource
2020-03-10 02:03:59,779 [Worker-53: Building workspace] INFO  o.e.m.c.i.embedder.EclipseLogger - Using 'UTF-8' encoding to copy filtered resources.
2020-03-10 02:03:59,779 [Worker-53: Building workspace] INFO  o.e.m.c.i.embedder.EclipseLogger - skip non existing resourceDirectory C:\Users\chueo\OneDrive\Escritorio\proyecto\CrudSpringBoot\src\test\resources
2020-03-10 02:04:31,701 [Worker-46: Building workspace] INFO  o.e.m.c.i.embedder.EclipseLogger - Using 'UTF-8' encoding to copy filtered resources.
2020-03-10 02:04:31,701 [Worker-46: Building workspace] INFO  o.e.m.c.i.embedder.EclipseLogger - Copying 0 resource
2020-03-10 02:04:31,701 [Worker-46: Building workspace] INFO  o.e.m.c.i.embedder.EclipseLogger - Copying 1 resource
2020-03-10 02:04:31,710 [Worker-46: Building workspace] INFO  o.e.m.c.i.embedder.EclipseLogger - Using 'UTF-8' encoding to copy filtered resources.
2020-03-10 02:04:31,710 [Worker-46: Building workspace] INFO  o.e.m.c.i.embedder.EclipseLogger - skip non existing resourceDirectory C:\Users\chueo\OneDrive\Escritorio\proyecto\CrudSpringBoot\src\test\resources
2020-03-10 02:08:59,398 [Worker-58: Building workspace] INFO  o.e.m.c.i.embedder.EclipseLogger - Using 'UTF-8' encoding to copy filtered resources.
2020-03-10 02:08:59,399 [Worker-58: Building workspace] INFO  o.e.m.c.i.embedder.EclipseLogger - Copying 1 resource
2020-03-10 02:08:59,404 [Worker-58: Building workspace] INFO  o.e.m.c.i.embedder.EclipseLogger - Copying 4 resources
2020-03-10 02:08:59,407 [Worker-58: Building workspace] INFO  o.e.m.c.i.embedder.EclipseLogger - Using 'UTF-8' encoding to copy filtered resources.
2020-03-10 02:08:59,407 [Worker-58: Building workspace] INFO  o.e.m.c.i.embedder.EclipseLogger - skip non existing resourceDirectory C:\Users\chueo\OneDrive\Escritorio\proyecto\CrudSpringBoot\src\test\resources
2020-03-10 02:09:06,259 [Worker-60: Launching CrudSpringBoot - CrudSpringBootApplication] INFO  o.e.m.c.i.embedder.EclipseLogger - Using 'UTF-8' encoding to copy filtered resources.
2020-03-10 02:09:06,261 [Worker-60: Launching CrudSpringBoot - CrudSpringBootApplication] INFO  o.e.m.c.i.embedder.EclipseLogger - Copying 1 resource
2020-03-10 02:09:06,265 [Worker-60: Launching CrudSpringBoot - CrudSpringBootApplication] INFO  o.e.m.c.i.embedder.EclipseLogger - Copying 4 resources
2020-03-10 02:09:06,267 [Worker-60: Launching CrudSpringBoot - CrudSpringBootApplication] INFO  o.e.m.c.i.embedder.EclipseLogger - Using 'UTF-8' encoding to copy filtered resources.
2020-03-10 02:09:06,268 [Worker-60: Launching CrudSpringBoot - CrudSpringBootApplication] INFO  o.e.m.c.i.embedder.EclipseLogger - skip non existing resourceDirectory C:\Users\chueo\OneDrive\Escritorio\proyecto\CrudSpringBoot\src\test\resources
2020-03-10 02:10:12,551 [Worker-60: Building workspace] INFO  o.e.m.c.i.embedder.EclipseLogger - Using 'UTF-8' encoding to copy filtered resources.
2020-03-10 02:10:12,557 [Worker-60: Building workspace] INFO  o.e.m.c.i.embedder.EclipseLogger - Copying 1 resource
2020-03-10 02:10:12,564 [Worker-60: Building workspace] INFO  o.e.m.c.i.embedder.EclipseLogger - Copying 4 resources
2020-03-10 02:10:12,570 [Worker-60: Building workspace] INFO  o.e.m.c.i.embedder.EclipseLogger - Using 'UTF-8' encoding to copy filtered resources.
2020-03-10 02:10:12,570 [Worker-60: Building workspace] INFO  o.e.m.c.i.embedder.EclipseLogger - skip non existing resourceDirectory C:\Users\chueo\OneDrive\Escritorio\proyecto\CrudSpringBoot\src\test\resources
2020-03-10 02:11:34,757 [Worker-53: Building workspace] INFO  o.e.m.c.i.embedder.EclipseLogger - Using 'UTF-8' encoding to copy filtered resources.
2020-03-10 02:11:34,758 [Worker-53: Building workspace] INFO  o.e.m.c.i.embedder.EclipseLogger - Copying 0 resource
2020-03-10 02:11:34,758 [Worker-53: Building workspace] INFO  o.e.m.c.i.embedder.EclipseLogger - Copying 1 resource
2020-03-10 02:11:34,765 [Worker-53: Building workspace] INFO  o.e.m.c.i.embedder.EclipseLogger - Using 'UTF-8' encoding to copy filtered resources.
2020-03-10 02:11:34,765 [Worker-53: Building workspace] INFO  o.e.m.c.i.embedder.EclipseLogger - skip non existing resourceDirectory C:\Users\chueo\OneDrive\Escritorio\proyecto\CrudSpringBoot\src\test\resources
2020-03-10 02:12:03,175 [Worker-52: Building workspace] INFO  o.e.m.c.i.embedder.EclipseLogger - Using 'UTF-8' encoding to copy filtered resources.
2020-03-10 02:12:03,177 [Worker-52: Building workspace] INFO  o.e.m.c.i.embedder.EclipseLogger - Copying 0 resource
2020-03-10 02:12:03,179 [Worker-52: Building workspace] INFO  o.e.m.c.i.embedder.EclipseLogger - Copying 1 resource
2020-03-10 02:12:03,189 [Worker-52: Building workspace] INFO  o.e.m.c.i.embedder.EclipseLogger - Using 'UTF-8' encoding to copy filtered resources.
2020-03-10 02:12:03,189 [Worker-52: Building workspace] INFO  o.e.m.c.i.embedder.EclipseLogger - skip non existing resourceDirectory C:\Users\chueo\OneDrive\Escritorio\proyecto\CrudSpringBoot\src\test\resources
2020-03-10 02:12:38,203 [Worker-60: Building workspace] INFO  o.e.m.c.i.embedder.EclipseLogger - Using 'UTF-8' encoding to copy filtered resources.
2020-03-10 02:12:38,204 [Worker-60: Building workspace] INFO  o.e.m.c.i.embedder.EclipseLogger - Copying 0 resource
2020-03-10 02:12:38,205 [Worker-60: Building workspace] INFO  o.e.m.c.i.embedder.EclipseLogger - Copying 1 resource
2020-03-10 02:12:38,215 [Worker-60: Building workspace] INFO  o.e.m.c.i.embedder.EclipseLogger - Using 'UTF-8' encoding to copy filtered resources.
2020-03-10 02:12:38,215 [Worker-60: Building workspace] INFO  o.e.m.c.i.embedder.EclipseLogger - skip non existing resourceDirectory C:\Users\chueo\OneDrive\Escritorio\proyecto\CrudSpringBoot\src\test\resources
2020-03-10 02:13:05,159 [Worker-59: Launching CrudSpringBoot - CrudSpringBootApplication] INFO  o.e.m.c.i.embedder.EclipseLogger - Using 'UTF-8' encoding to copy filtered resources.
2020-03-10 02:13:05,160 [Worker-59: Launching CrudSpringBoot - CrudSpringBootApplication] INFO  o.e.m.c.i.embedder.EclipseLogger - Copying 0 resource
2020-03-10 02:13:05,160 [Worker-59: Launching CrudSpringBoot - CrudSpringBootApplication] INFO  o.e.m.c.i.embedder.EclipseLogger - Copying 1 resource
2020-03-10 02:13:05,179 [Worker-59: Launching CrudSpringBoot - CrudSpringBootApplication] INFO  o.e.m.c.i.embedder.EclipseLogger - Using 'UTF-8' encoding to copy filtered resources.
2020-03-10 02:13:05,179 [Worker-59: Launching CrudSpringBoot - CrudSpringBootApplication] INFO  o.e.m.c.i.embedder.EclipseLogger - skip non existing resourceDirectory C:\Users\chueo\OneDrive\Escritorio\proyecto\CrudSpringBoot\src\test\resources
